[2025-11-10T04:02:22.338+0000] {taskinstance.py:1159} INFO - Dependencies all met for dep_context=non-requeueable deps ti=<TaskInstance: diabetes_training_pipeline.train_and_register manual__2025-11-10T04:02:16.981986+00:00 [queued]>
[2025-11-10T04:02:23.923+0000] {taskinstance.py:1159} INFO - Dependencies all met for dep_context=requeueable deps ti=<TaskInstance: diabetes_training_pipeline.train_and_register manual__2025-11-10T04:02:16.981986+00:00 [queued]>
[2025-11-10T04:02:23.928+0000] {taskinstance.py:1361} INFO - Starting attempt 1 of 2
[2025-11-10T04:02:24.069+0000] {taskinstance.py:1382} INFO - Executing <Task(PythonOperator): train_and_register> on 2025-11-10 04:02:16.981986+00:00
[2025-11-10T04:02:24.173+0000] {standard_task_runner.py:57} INFO - Started process 2047 to run task
[2025-11-10T04:02:24.215+0000] {standard_task_runner.py:84} INFO - Running: ['***', 'tasks', 'run', 'diabetes_training_pipeline', 'train_and_register', 'manual__2025-11-10T04:02:16.981986+00:00', '--job-id', '36', '--raw', '--subdir', 'DAGS_FOLDER/diabetes_training_pipeline.py', '--cfg-path', '/tmp/tmpggo6ru7o']
[2025-11-10T04:02:24.236+0000] {standard_task_runner.py:85} INFO - Job 36: Subtask train_and_register
[2025-11-10T04:02:24.731+0000] {task_command.py:416} INFO - Running <TaskInstance: diabetes_training_pipeline.train_and_register manual__2025-11-10T04:02:16.981986+00:00 [running]> on host a5abe9870291
[2025-11-10T04:02:24.951+0000] {taskinstance.py:1662} INFO - Exporting env vars: AIRFLOW_CTX_DAG_OWNER='mlops_team' AIRFLOW_CTX_DAG_ID='diabetes_training_pipeline' AIRFLOW_CTX_TASK_ID='train_and_register' AIRFLOW_CTX_EXECUTION_DATE='2025-11-10T04:02:16.981986+00:00' AIRFLOW_CTX_TRY_NUMBER='1' AIRFLOW_CTX_DAG_RUN_ID='manual__2025-11-10T04:02:16.981986+00:00'
[2025-11-10T04:04:19.298+0000] {taskinstance.py:1937} ERROR - Task failed with exception
Traceback (most recent call last):
  File "/home/airflow/.local/lib/python3.10/site-packages/requests/adapters.py", line 486, in send
    resp = conn.urlopen(
  File "/home/airflow/.local/lib/python3.10/site-packages/urllib3/connectionpool.py", line 894, in urlopen
    return self.urlopen(
  File "/home/airflow/.local/lib/python3.10/site-packages/urllib3/connectionpool.py", line 894, in urlopen
    return self.urlopen(
  File "/home/airflow/.local/lib/python3.10/site-packages/urllib3/connectionpool.py", line 894, in urlopen
    return self.urlopen(
  [Previous line repeated 2 more times]
  File "/home/airflow/.local/lib/python3.10/site-packages/urllib3/connectionpool.py", line 884, in urlopen
    retries = retries.increment(method, url, response=response, _pool=self)
  File "/home/airflow/.local/lib/python3.10/site-packages/urllib3/util/retry.py", line 592, in increment
    raise MaxRetryError(_pool, url, error or ResponseError(cause))
urllib3.exceptions.MaxRetryError: HTTPConnectionPool(host='mlflow', port=5000): Max retries exceeded with url: /api/2.0/mlflow/experiments/get-by-name?experiment_name=diabetes_readmission_stage2 (Caused by ResponseError('too many 503 error responses'))

During handling of the above exception, another exception occurred:

Traceback (most recent call last):
  File "/home/airflow/.local/lib/python3.10/site-packages/mlflow/utils/rest_utils.py", line 107, in http_request
    return _get_http_response_with_retries(
  File "/home/airflow/.local/lib/python3.10/site-packages/mlflow/utils/request_utils.py", line 197, in _get_http_response_with_retries
    return session.request(method, url, allow_redirects=allow_redirects, **kwargs)
  File "/home/airflow/.local/lib/python3.10/site-packages/requests/sessions.py", line 589, in request
    resp = self.send(prep, **send_kwargs)
  File "/home/airflow/.local/lib/python3.10/site-packages/requests/sessions.py", line 703, in send
    r = adapter.send(request, **kwargs)
  File "/home/airflow/.local/lib/python3.10/site-packages/requests/adapters.py", line 510, in send
    raise RetryError(e, request=request)
requests.exceptions.RetryError: HTTPConnectionPool(host='mlflow', port=5000): Max retries exceeded with url: /api/2.0/mlflow/experiments/get-by-name?experiment_name=diabetes_readmission_stage2 (Caused by ResponseError('too many 503 error responses'))

During handling of the above exception, another exception occurred:

Traceback (most recent call last):
  File "/home/airflow/.local/lib/python3.10/site-packages/airflow/operators/python.py", line 192, in execute
    return_value = self.execute_callable()
  File "/home/airflow/.local/lib/python3.10/site-packages/airflow/operators/python.py", line 209, in execute_callable
    return self.python_callable(*self.op_args, **self.op_kwargs)
  File "/opt/airflow/dags/diabetes_training_pipeline.py", line 107, in train_and_register
    mlflow.set_experiment(EXPERIMENT_NAME)
  File "/home/airflow/.local/lib/python3.10/site-packages/mlflow/tracking/fluent.py", line 135, in set_experiment
    experiment = client.get_experiment_by_name(experiment_name)
  File "/home/airflow/.local/lib/python3.10/site-packages/mlflow/tracking/client.py", line 520, in get_experiment_by_name
    return self._tracking_client.get_experiment_by_name(name)
  File "/home/airflow/.local/lib/python3.10/site-packages/mlflow/tracking/_tracking_service/client.py", line 221, in get_experiment_by_name
    return self.store.get_experiment_by_name(name)
  File "/home/airflow/.local/lib/python3.10/site-packages/mlflow/store/tracking/rest_store.py", line 306, in get_experiment_by_name
    response_proto = self._call_endpoint(GetExperimentByName, req_body)
  File "/home/airflow/.local/lib/python3.10/site-packages/mlflow/store/tracking/rest_store.py", line 59, in _call_endpoint
    return call_endpoint(self.get_host_creds(), endpoint, method, json_body, response_proto)
  File "/home/airflow/.local/lib/python3.10/site-packages/mlflow/utils/rest_utils.py", line 215, in call_endpoint
    response = http_request(**call_kwargs)
  File "/home/airflow/.local/lib/python3.10/site-packages/mlflow/utils/rest_utils.py", line 129, in http_request
    raise MlflowException(f"API request to {url} failed with exception {e}")
mlflow.exceptions.MlflowException: API request to http://mlflow:5000/api/2.0/mlflow/experiments/get-by-name failed with exception HTTPConnectionPool(host='mlflow', port=5000): Max retries exceeded with url: /api/2.0/mlflow/experiments/get-by-name?experiment_name=diabetes_readmission_stage2 (Caused by ResponseError('too many 503 error responses'))
[2025-11-10T04:04:19.360+0000] {taskinstance.py:1400} INFO - Marking task as UP_FOR_RETRY. dag_id=diabetes_training_pipeline, task_id=train_and_register, execution_date=20251110T040216, start_date=20251110T040222, end_date=20251110T040419
[2025-11-10T04:04:19.392+0000] {standard_task_runner.py:104} ERROR - Failed to execute job 36 for task train_and_register (API request to http://mlflow:5000/api/2.0/mlflow/experiments/get-by-name failed with exception HTTPConnectionPool(host='mlflow', port=5000): Max retries exceeded with url: /api/2.0/mlflow/experiments/get-by-name?experiment_name=diabetes_readmission_stage2 (Caused by ResponseError('too many 503 error responses')); 2047)
[2025-11-10T04:04:19.449+0000] {local_task_job_runner.py:228} INFO - Task exited with return code 1
[2025-11-10T04:04:19.485+0000] {taskinstance.py:2778} INFO - 0 downstream tasks scheduled from follow-on schedule check
