[2025-11-26T03:04:45.849+0000] {taskinstance.py:1159} INFO - Dependencies all met for dep_context=non-requeueable deps ti=<TaskInstance: house_prices_ingest_raw.fetch_batch manual__2025-11-26T03:04:45.133725+00:00 [queued]>
[2025-11-26T03:04:45.865+0000] {taskinstance.py:1159} INFO - Dependencies all met for dep_context=requeueable deps ti=<TaskInstance: house_prices_ingest_raw.fetch_batch manual__2025-11-26T03:04:45.133725+00:00 [queued]>
[2025-11-26T03:04:45.865+0000] {taskinstance.py:1361} INFO - Starting attempt 1 of 2
[2025-11-26T03:04:45.893+0000] {taskinstance.py:1382} INFO - Executing <Task(PythonOperator): fetch_batch> on 2025-11-26 03:04:45.133725+00:00
[2025-11-26T03:04:45.906+0000] {standard_task_runner.py:57} INFO - Started process 1293 to run task
[2025-11-26T03:04:45.914+0000] {standard_task_runner.py:84} INFO - Running: ['***', 'tasks', 'run', 'house_prices_ingest_raw', 'fetch_batch', 'manual__2025-11-26T03:04:45.133725+00:00', '--job-id', '8', '--raw', '--subdir', 'DAGS_FOLDER/house_prices_ingest.py', '--cfg-path', '/tmp/tmpwyu0b2rm']
[2025-11-26T03:04:45.927+0000] {standard_task_runner.py:85} INFO - Job 8: Subtask fetch_batch
[2025-11-26T03:04:46.021+0000] {task_command.py:416} INFO - Running <TaskInstance: house_prices_ingest_raw.fetch_batch manual__2025-11-26T03:04:45.133725+00:00 [running]> on host 986e5cfcf7e1
[2025-11-26T03:04:46.143+0000] {taskinstance.py:1662} INFO - Exporting env vars: AIRFLOW_CTX_DAG_OWNER='mlops_student' AIRFLOW_CTX_DAG_ID='house_prices_ingest_raw' AIRFLOW_CTX_TASK_ID='fetch_batch' AIRFLOW_CTX_EXECUTION_DATE='2025-11-26T03:04:45.133725+00:00' AIRFLOW_CTX_TRY_NUMBER='1' AIRFLOW_CTX_DAG_RUN_ID='manual__2025-11-26T03:04:45.133725+00:00'
[2025-11-26T03:04:46.145+0000] {logging_mixin.py:154} INFO - Calling data API: http://10.43.100.103:8000/data with params={'group_number': 6, 'day': 'Wednesday'}
[2025-11-26T03:04:56.155+0000] {taskinstance.py:1937} ERROR - Task failed with exception
Traceback (most recent call last):
  File "/home/airflow/.local/lib/python3.10/site-packages/urllib3/connectionpool.py", line 467, in _make_request
    six.raise_from(e, None)
  File "<string>", line 3, in raise_from
  File "/home/airflow/.local/lib/python3.10/site-packages/urllib3/connectionpool.py", line 462, in _make_request
    httplib_response = conn.getresponse()
  File "/usr/local/lib/python3.10/http/client.py", line 1375, in getresponse
    response.begin()
  File "/usr/local/lib/python3.10/http/client.py", line 318, in begin
    version, status, reason = self._read_status()
  File "/usr/local/lib/python3.10/http/client.py", line 279, in _read_status
    line = str(self.fp.readline(_MAXLINE + 1), "iso-8859-1")
  File "/usr/local/lib/python3.10/socket.py", line 705, in readinto
    return self._sock.recv_into(b)
TimeoutError: timed out

During handling of the above exception, another exception occurred:

Traceback (most recent call last):
  File "/home/airflow/.local/lib/python3.10/site-packages/requests/adapters.py", line 486, in send
    resp = conn.urlopen(
  File "/home/airflow/.local/lib/python3.10/site-packages/urllib3/connectionpool.py", line 799, in urlopen
    retries = retries.increment(
  File "/home/airflow/.local/lib/python3.10/site-packages/urllib3/util/retry.py", line 550, in increment
    raise six.reraise(type(error), error, _stacktrace)
  File "/home/airflow/.local/lib/python3.10/site-packages/urllib3/packages/six.py", line 770, in reraise
    raise value
  File "/home/airflow/.local/lib/python3.10/site-packages/urllib3/connectionpool.py", line 715, in urlopen
    httplib_response = self._make_request(
  File "/home/airflow/.local/lib/python3.10/site-packages/urllib3/connectionpool.py", line 469, in _make_request
    self._raise_timeout(err=e, url=url, timeout_value=read_timeout)
  File "/home/airflow/.local/lib/python3.10/site-packages/urllib3/connectionpool.py", line 358, in _raise_timeout
    raise ReadTimeoutError(
urllib3.exceptions.ReadTimeoutError: HTTPConnectionPool(host='10.43.100.103', port=8000): Read timed out. (read timeout=10)

During handling of the above exception, another exception occurred:

Traceback (most recent call last):
  File "/home/airflow/.local/lib/python3.10/site-packages/airflow/operators/python.py", line 192, in execute
    return_value = self.execute_callable()
  File "/home/airflow/.local/lib/python3.10/site-packages/airflow/operators/python.py", line 209, in execute_callable
    return self.python_callable(*self.op_args, **self.op_kwargs)
  File "/opt/airflow/dags/house_prices_ingest.py", line 71, in fetch_batch_from_api
    resp = requests.get(url, params=params, timeout=10)
  File "/home/airflow/.local/lib/python3.10/site-packages/requests/api.py", line 73, in get
    return request("get", url, params=params, **kwargs)
  File "/home/airflow/.local/lib/python3.10/site-packages/requests/api.py", line 59, in request
    return session.request(method=method, url=url, **kwargs)
  File "/home/airflow/.local/lib/python3.10/site-packages/requests/sessions.py", line 589, in request
    resp = self.send(prep, **send_kwargs)
  File "/home/airflow/.local/lib/python3.10/site-packages/requests/sessions.py", line 703, in send
    r = adapter.send(request, **kwargs)
  File "/home/airflow/.local/lib/python3.10/site-packages/requests/adapters.py", line 532, in send
    raise ReadTimeout(e, request=request)
requests.exceptions.ReadTimeout: HTTPConnectionPool(host='10.43.100.103', port=8000): Read timed out. (read timeout=10)
[2025-11-26T03:04:56.179+0000] {taskinstance.py:1400} INFO - Marking task as UP_FOR_RETRY. dag_id=house_prices_ingest_raw, task_id=fetch_batch, execution_date=20251126T030445, start_date=20251126T030445, end_date=20251126T030456
[2025-11-26T03:04:56.209+0000] {standard_task_runner.py:104} ERROR - Failed to execute job 8 for task fetch_batch (HTTPConnectionPool(host='10.43.100.103', port=8000): Read timed out. (read timeout=10); 1293)
[2025-11-26T03:04:56.254+0000] {local_task_job_runner.py:228} INFO - Task exited with return code 1
[2025-11-26T03:04:56.304+0000] {taskinstance.py:2778} INFO - 0 downstream tasks scheduled from follow-on schedule check
