[2025-11-10T00:11:01.912+0000] {taskinstance.py:1159} INFO - Dependencies all met for dep_context=non-requeueable deps ti=<TaskInstance: diabetes_stage1_ingest.fetch_batch scheduled__2025-11-10T00:05:00+00:00 [queued]>
[2025-11-10T00:11:01.917+0000] {taskinstance.py:1159} INFO - Dependencies all met for dep_context=requeueable deps ti=<TaskInstance: diabetes_stage1_ingest.fetch_batch scheduled__2025-11-10T00:05:00+00:00 [queued]>
[2025-11-10T00:11:01.917+0000] {taskinstance.py:1361} INFO - Starting attempt 2 of 2
[2025-11-10T00:11:01.924+0000] {taskinstance.py:1382} INFO - Executing <Task(PythonOperator): fetch_batch> on 2025-11-10 00:05:00+00:00
[2025-11-10T00:11:01.928+0000] {standard_task_runner.py:57} INFO - Started process 391 to run task
[2025-11-10T00:11:01.931+0000] {standard_task_runner.py:84} INFO - Running: ['***', 'tasks', 'run', 'diabetes_stage1_ingest', 'fetch_batch', 'scheduled__2025-11-10T00:05:00+00:00', '--job-id', '5', '--raw', '--subdir', 'DAGS_FOLDER/diabetes_stage1_ingest.py', '--cfg-path', '/tmp/tmpow9r_bk3']
[2025-11-10T00:11:01.933+0000] {standard_task_runner.py:85} INFO - Job 5: Subtask fetch_batch
[2025-11-10T00:11:01.972+0000] {task_command.py:416} INFO - Running <TaskInstance: diabetes_stage1_ingest.fetch_batch scheduled__2025-11-10T00:05:00+00:00 [running]> on host dd6ccc3e5aed
[2025-11-10T00:11:02.020+0000] {taskinstance.py:1662} INFO - Exporting env vars: AIRFLOW_CTX_DAG_OWNER='mlops_team' AIRFLOW_CTX_DAG_ID='diabetes_stage1_ingest' AIRFLOW_CTX_TASK_ID='fetch_batch' AIRFLOW_CTX_EXECUTION_DATE='2025-11-10T00:05:00+00:00' AIRFLOW_CTX_TRY_NUMBER='2' AIRFLOW_CTX_DAG_RUN_ID='scheduled__2025-11-10T00:05:00+00:00'
[2025-11-10T00:11:02.044+0000] {taskinstance.py:1937} ERROR - Task failed with exception
Traceback (most recent call last):
  File "/home/airflow/.local/lib/python3.10/site-packages/urllib3/connection.py", line 174, in _new_conn
    conn = connection.create_connection(
  File "/home/airflow/.local/lib/python3.10/site-packages/urllib3/util/connection.py", line 72, in create_connection
    for res in socket.getaddrinfo(host, port, family, socket.SOCK_STREAM):
  File "/usr/local/lib/python3.10/socket.py", line 955, in getaddrinfo
    for res in _socket.getaddrinfo(host, port, family, type, proto, flags):
socket.gaierror: [Errno -2] Name or service not known

During handling of the above exception, another exception occurred:

Traceback (most recent call last):
  File "/home/airflow/.local/lib/python3.10/site-packages/urllib3/connectionpool.py", line 715, in urlopen
    httplib_response = self._make_request(
  File "/home/airflow/.local/lib/python3.10/site-packages/urllib3/connectionpool.py", line 416, in _make_request
    conn.request(method, url, **httplib_request_kw)
  File "/home/airflow/.local/lib/python3.10/site-packages/urllib3/connection.py", line 244, in request
    super(HTTPConnection, self).request(method, url, body=body, headers=headers)
  File "/usr/local/lib/python3.10/http/client.py", line 1283, in request
    self._send_request(method, url, body, headers, encode_chunked)
  File "/usr/local/lib/python3.10/http/client.py", line 1329, in _send_request
    self.endheaders(body, encode_chunked=encode_chunked)
  File "/usr/local/lib/python3.10/http/client.py", line 1278, in endheaders
    self._send_output(message_body, encode_chunked=encode_chunked)
  File "/usr/local/lib/python3.10/http/client.py", line 1038, in _send_output
    self.send(msg)
  File "/usr/local/lib/python3.10/http/client.py", line 976, in send
    self.connect()
  File "/home/airflow/.local/lib/python3.10/site-packages/urllib3/connection.py", line 205, in connect
    conn = self._new_conn()
  File "/home/airflow/.local/lib/python3.10/site-packages/urllib3/connection.py", line 186, in _new_conn
    raise NewConnectionError(
urllib3.exceptions.NewConnectionError: <urllib3.connection.HTTPConnection object at 0xffff8ca87e80>: Failed to establish a new connection: [Errno -2] Name or service not known

During handling of the above exception, another exception occurred:

Traceback (most recent call last):
  File "/home/airflow/.local/lib/python3.10/site-packages/requests/adapters.py", line 486, in send
    resp = conn.urlopen(
  File "/home/airflow/.local/lib/python3.10/site-packages/urllib3/connectionpool.py", line 799, in urlopen
    retries = retries.increment(
  File "/home/airflow/.local/lib/python3.10/site-packages/urllib3/util/retry.py", line 592, in increment
    raise MaxRetryError(_pool, url, error or ResponseError(cause))
urllib3.exceptions.MaxRetryError: HTTPConnectionPool(host='data_api', port=8080): Max retries exceeded with url: /data (Caused by NewConnectionError('<urllib3.connection.HTTPConnection object at 0xffff8ca87e80>: Failed to establish a new connection: [Errno -2] Name or service not known'))

During handling of the above exception, another exception occurred:

Traceback (most recent call last):
  File "/home/airflow/.local/lib/python3.10/site-packages/airflow/operators/python.py", line 192, in execute
    return_value = self.execute_callable()
  File "/home/airflow/.local/lib/python3.10/site-packages/airflow/operators/python.py", line 209, in execute_callable
    return self.python_callable(*self.op_args, **self.op_kwargs)
  File "/opt/airflow/dags/diabetes_stage1_ingest.py", line 47, in fetch_batch
    resp = requests.get(f"{DATA_API_URL}/data", timeout=30)
  File "/home/airflow/.local/lib/python3.10/site-packages/requests/api.py", line 73, in get
    return request("get", url, params=params, **kwargs)
  File "/home/airflow/.local/lib/python3.10/site-packages/requests/api.py", line 59, in request
    return session.request(method=method, url=url, **kwargs)
  File "/home/airflow/.local/lib/python3.10/site-packages/requests/sessions.py", line 589, in request
    resp = self.send(prep, **send_kwargs)
  File "/home/airflow/.local/lib/python3.10/site-packages/requests/sessions.py", line 703, in send
    r = adapter.send(request, **kwargs)
  File "/home/airflow/.local/lib/python3.10/site-packages/requests/adapters.py", line 519, in send
    raise ConnectionError(e, request=request)
requests.exceptions.ConnectionError: HTTPConnectionPool(host='data_api', port=8080): Max retries exceeded with url: /data (Caused by NewConnectionError('<urllib3.connection.HTTPConnection object at 0xffff8ca87e80>: Failed to establish a new connection: [Errno -2] Name or service not known'))
[2025-11-10T00:11:02.053+0000] {taskinstance.py:1400} INFO - Marking task as FAILED. dag_id=diabetes_stage1_ingest, task_id=fetch_batch, execution_date=20251110T000500, start_date=20251110T001101, end_date=20251110T001102
[2025-11-10T00:11:02.063+0000] {standard_task_runner.py:104} ERROR - Failed to execute job 5 for task fetch_batch (HTTPConnectionPool(host='data_api', port=8080): Max retries exceeded with url: /data (Caused by NewConnectionError('<urllib3.connection.HTTPConnection object at 0xffff8ca87e80>: Failed to establish a new connection: [Errno -2] Name or service not known')); 391)
[2025-11-10T00:11:02.076+0000] {local_task_job_runner.py:228} INFO - Task exited with return code 1
[2025-11-10T00:11:02.091+0000] {taskinstance.py:2778} INFO - 0 downstream tasks scheduled from follow-on schedule check
