[2025-11-10T04:47:16.023+0000] {taskinstance.py:1159} INFO - Dependencies all met for dep_context=non-requeueable deps ti=<TaskInstance: diabetes_training_pipeline.train_and_register manual__2025-11-10T04:40:32.993318+00:00 [queued]>
[2025-11-10T04:47:17.845+0000] {taskinstance.py:1159} INFO - Dependencies all met for dep_context=requeueable deps ti=<TaskInstance: diabetes_training_pipeline.train_and_register manual__2025-11-10T04:40:32.993318+00:00 [queued]>
[2025-11-10T04:47:17.847+0000] {taskinstance.py:1361} INFO - Starting attempt 1 of 2
[2025-11-10T04:47:17.867+0000] {taskinstance.py:1382} INFO - Executing <Task(PythonOperator): train_and_register> on 2025-11-10 04:40:32.993318+00:00
[2025-11-10T04:47:17.898+0000] {standard_task_runner.py:57} INFO - Started process 1019 to run task
[2025-11-10T04:47:17.906+0000] {standard_task_runner.py:84} INFO - Running: ['***', 'tasks', 'run', 'diabetes_training_pipeline', 'train_and_register', 'manual__2025-11-10T04:40:32.993318+00:00', '--job-id', '73', '--raw', '--subdir', 'DAGS_FOLDER/diabetes_training_pipeline.py', '--cfg-path', '/tmp/tmpoeul6dfc']
[2025-11-10T04:47:17.913+0000] {standard_task_runner.py:85} INFO - Job 73: Subtask train_and_register
[2025-11-10T04:47:18.007+0000] {task_command.py:416} INFO - Running <TaskInstance: diabetes_training_pipeline.train_and_register manual__2025-11-10T04:40:32.993318+00:00 [running]> on host 47d439ee3e9b
[2025-11-10T04:47:18.191+0000] {taskinstance.py:1662} INFO - Exporting env vars: AIRFLOW_CTX_DAG_OWNER='mlops_team' AIRFLOW_CTX_DAG_ID='diabetes_training_pipeline' AIRFLOW_CTX_TASK_ID='train_and_register' AIRFLOW_CTX_EXECUTION_DATE='2025-11-10T04:40:32.993318+00:00' AIRFLOW_CTX_TRY_NUMBER='1' AIRFLOW_CTX_DAG_RUN_ID='manual__2025-11-10T04:40:32.993318+00:00'
[2025-11-10T04:48:09.319+0000] {taskinstance.py:1937} ERROR - Task failed with exception
Traceback (most recent call last):
  File "/home/airflow/.local/lib/python3.10/site-packages/sqlalchemy/engine/base.py", line 1094, in _commit_impl
    self.engine.dialect.do_commit(self.connection)
  File "/home/airflow/.local/lib/python3.10/site-packages/sqlalchemy/engine/default.py", line 686, in do_commit
    dbapi_connection.commit()
  File "/home/airflow/.local/lib/python3.10/site-packages/pymysql/connections.py", line 478, in commit
    self._read_ok_packet()
  File "/home/airflow/.local/lib/python3.10/site-packages/pymysql/connections.py", line 448, in _read_ok_packet
    pkt = self._read_packet()
  File "/home/airflow/.local/lib/python3.10/site-packages/pymysql/connections.py", line 739, in _read_packet
    packet_header = self._read_bytes(4)
  File "/home/airflow/.local/lib/python3.10/site-packages/pymysql/connections.py", line 795, in _read_bytes
    raise err.OperationalError(
pymysql.err.OperationalError: (2013, 'Lost connection to MySQL server during query')

The above exception was the direct cause of the following exception:

Traceback (most recent call last):
  File "/home/airflow/.local/lib/python3.10/site-packages/airflow/operators/python.py", line 192, in execute
    return_value = self.execute_callable()
  File "/home/airflow/.local/lib/python3.10/site-packages/airflow/operators/python.py", line 209, in execute_callable
    return self.python_callable(*self.op_args, **self.op_kwargs)
  File "/opt/airflow/dags/diabetes_training_pipeline.py", line 61, in train_and_register
    df = load_curated()
  File "/opt/airflow/dags/diabetes_training_pipeline.py", line 56, in load_curated
    with _engine().begin() as conn:
  File "/usr/local/lib/python3.10/contextlib.py", line 142, in __exit__
    next(self.gen)
  File "/home/airflow/.local/lib/python3.10/site-packages/sqlalchemy/future/engine.py", line 380, in begin
    with conn.begin():
  File "/home/airflow/.local/lib/python3.10/site-packages/sqlalchemy/engine/util.py", line 235, in __exit__
    with util.safe_reraise():
  File "/home/airflow/.local/lib/python3.10/site-packages/sqlalchemy/util/langhelpers.py", line 70, in __exit__
    compat.raise_(
  File "/home/airflow/.local/lib/python3.10/site-packages/sqlalchemy/util/compat.py", line 211, in raise_
    raise exception
  File "/home/airflow/.local/lib/python3.10/site-packages/sqlalchemy/engine/util.py", line 233, in __exit__
    self.commit()
  File "/home/airflow/.local/lib/python3.10/site-packages/sqlalchemy/engine/base.py", line 2469, in commit
    self._do_commit()
  File "/home/airflow/.local/lib/python3.10/site-packages/sqlalchemy/engine/base.py", line 2659, in _do_commit
    self._connection_commit_impl()
  File "/home/airflow/.local/lib/python3.10/site-packages/sqlalchemy/engine/base.py", line 2630, in _connection_commit_impl
    self.connection._commit_impl()
  File "/home/airflow/.local/lib/python3.10/site-packages/sqlalchemy/engine/base.py", line 1096, in _commit_impl
    self._handle_dbapi_exception(e, None, None, None, None)
  File "/home/airflow/.local/lib/python3.10/site-packages/sqlalchemy/engine/base.py", line 2134, in _handle_dbapi_exception
    util.raise_(
  File "/home/airflow/.local/lib/python3.10/site-packages/sqlalchemy/util/compat.py", line 211, in raise_
    raise exception
  File "/home/airflow/.local/lib/python3.10/site-packages/sqlalchemy/engine/base.py", line 1094, in _commit_impl
    self.engine.dialect.do_commit(self.connection)
  File "/home/airflow/.local/lib/python3.10/site-packages/sqlalchemy/engine/default.py", line 686, in do_commit
    dbapi_connection.commit()
  File "/home/airflow/.local/lib/python3.10/site-packages/pymysql/connections.py", line 478, in commit
    self._read_ok_packet()
  File "/home/airflow/.local/lib/python3.10/site-packages/pymysql/connections.py", line 448, in _read_ok_packet
    pkt = self._read_packet()
  File "/home/airflow/.local/lib/python3.10/site-packages/pymysql/connections.py", line 739, in _read_packet
    packet_header = self._read_bytes(4)
  File "/home/airflow/.local/lib/python3.10/site-packages/pymysql/connections.py", line 795, in _read_bytes
    raise err.OperationalError(
sqlalchemy.exc.OperationalError: (pymysql.err.OperationalError) (2013, 'Lost connection to MySQL server during query')
(Background on this error at: https://sqlalche.me/e/14/e3q8)
[2025-11-10T04:48:09.435+0000] {taskinstance.py:1400} INFO - Marking task as UP_FOR_RETRY. dag_id=diabetes_training_pipeline, task_id=train_and_register, execution_date=20251110T044032, start_date=20251110T044716, end_date=20251110T044809
[2025-11-10T04:48:09.473+0000] {standard_task_runner.py:104} ERROR - Failed to execute job 73 for task train_and_register ((pymysql.err.OperationalError) (2013, 'Lost connection to MySQL server during query')
(Background on this error at: https://sqlalche.me/e/14/e3q8); 1019)
[2025-11-10T04:48:09.536+0000] {local_task_job_runner.py:228} INFO - Task exited with return code 1
[2025-11-10T04:48:09.587+0000] {taskinstance.py:2778} INFO - 0 downstream tasks scheduled from follow-on schedule check
