[2025-11-26T04:24:00.992+0000] {taskinstance.py:1159} INFO - Dependencies all met for dep_context=non-requeueable deps ti=<TaskInstance: house_prices_train_model.train_house_model manual__2025-11-26T04:18:55.045384+00:00 [queued]>
[2025-11-26T04:24:01.009+0000] {taskinstance.py:1159} INFO - Dependencies all met for dep_context=requeueable deps ti=<TaskInstance: house_prices_train_model.train_house_model manual__2025-11-26T04:18:55.045384+00:00 [queued]>
[2025-11-26T04:24:01.010+0000] {taskinstance.py:1361} INFO - Starting attempt 2 of 2
[2025-11-26T04:24:01.033+0000] {taskinstance.py:1382} INFO - Executing <Task(PythonOperator): train_house_model> on 2025-11-26 04:18:55.045384+00:00
[2025-11-26T04:24:01.047+0000] {standard_task_runner.py:57} INFO - Started process 409 to run task
[2025-11-26T04:24:01.057+0000] {standard_task_runner.py:84} INFO - Running: ['***', 'tasks', 'run', 'house_prices_train_model', 'train_house_model', 'manual__2025-11-26T04:18:55.045384+00:00', '--job-id', '28', '--raw', '--subdir', 'DAGS_FOLDER/house_prices_train_model.py', '--cfg-path', '/tmp/tmpzfiubqbl']
[2025-11-26T04:24:01.066+0000] {standard_task_runner.py:85} INFO - Job 28: Subtask train_house_model
[2025-11-26T04:24:01.189+0000] {task_command.py:416} INFO - Running <TaskInstance: house_prices_train_model.train_house_model manual__2025-11-26T04:18:55.045384+00:00 [running]> on host 73034cc89b82
[2025-11-26T04:24:01.311+0000] {taskinstance.py:1662} INFO - Exporting env vars: AIRFLOW_CTX_DAG_OWNER='mlops_student' AIRFLOW_CTX_DAG_ID='house_prices_train_model' AIRFLOW_CTX_TASK_ID='train_house_model' AIRFLOW_CTX_EXECUTION_DATE='2025-11-26T04:18:55.045384+00:00' AIRFLOW_CTX_TRY_NUMBER='2' AIRFLOW_CTX_DAG_RUN_ID='manual__2025-11-26T04:18:55.045384+00:00'
[2025-11-26T04:24:01.335+0000] {logging_mixin.py:154} WARNING - /opt/***/dags/house_prices_train_model.py:79 UserWarning: pandas only supports SQLAlchemy connectable (engine/connection) or database string URI or sqlite3 DBAPI2 connection. Other DBAPI2 objects are not tested. Please consider using SQLAlchemy.
[2025-11-26T04:24:01.746+0000] {logging_mixin.py:154} INFO - [train_house_price_model] Total rows: 4055, rows with non-null price: 4055
[2025-11-26T04:24:01.747+0000] {taskinstance.py:1937} ERROR - Task failed with exception
Traceback (most recent call last):
  File "/home/airflow/.local/lib/python3.10/site-packages/airflow/operators/python.py", line 192, in execute
    return_value = self.execute_callable()
  File "/home/airflow/.local/lib/python3.10/site-packages/airflow/operators/python.py", line 209, in execute_callable
    return self.python_callable(*self.op_args, **self.op_kwargs)
  File "/opt/airflow/dags/house_prices_train_model.py", line 114, in train_house_price_model
    df_model[col] = df_model[col].astype(float)
  File "/home/airflow/.local/lib/python3.10/site-packages/pandas/core/generic.py", line 6534, in astype
    new_data = self._mgr.astype(dtype=dtype, copy=copy, errors=errors)
  File "/home/airflow/.local/lib/python3.10/site-packages/pandas/core/internals/managers.py", line 414, in astype
    return self.apply(
  File "/home/airflow/.local/lib/python3.10/site-packages/pandas/core/internals/managers.py", line 354, in apply
    applied = getattr(b, f)(**kwargs)
  File "/home/airflow/.local/lib/python3.10/site-packages/pandas/core/internals/blocks.py", line 616, in astype
    new_values = astype_array_safe(values, dtype, copy=copy, errors=errors)
  File "/home/airflow/.local/lib/python3.10/site-packages/pandas/core/dtypes/astype.py", line 238, in astype_array_safe
    new_values = astype_array(values, dtype, copy=copy)
  File "/home/airflow/.local/lib/python3.10/site-packages/pandas/core/dtypes/astype.py", line 183, in astype_array
    values = _astype_nansafe(values, dtype, copy=copy)
  File "/home/airflow/.local/lib/python3.10/site-packages/pandas/core/dtypes/astype.py", line 134, in _astype_nansafe
    return arr.astype(dtype, copy=True)
ValueError: could not convert string to float: 'bed'
[2025-11-26T04:24:01.766+0000] {taskinstance.py:1400} INFO - Marking task as FAILED. dag_id=house_prices_train_model, task_id=train_house_model, execution_date=20251126T041855, start_date=20251126T042400, end_date=20251126T042401
[2025-11-26T04:24:01.790+0000] {standard_task_runner.py:104} ERROR - Failed to execute job 28 for task train_house_model (could not convert string to float: 'bed'; 409)
[2025-11-26T04:24:01.828+0000] {local_task_job_runner.py:228} INFO - Task exited with return code 1
[2025-11-26T04:24:01.866+0000] {taskinstance.py:2778} INFO - 0 downstream tasks scheduled from follow-on schedule check
